Started by user [8mha:////4EP3XHc4HgpRRyizsZZr0UwdFr4/L0IbsfKBV951jkjYAAAAlx+LCAAAAAAAAP9b85aBtbiIQTGjNKU4P08vOT+vOD8nVc83PyU1x6OyILUoJzMv2y+/JJUBAhiZGBgqihhk0NSjKDWzXb3RdlLBUSYGJk8GtpzUvPSSDB8G5tKinBIGIZ+sxLJE/ZzEvHT94JKizLx0a6BxUmjGOUNodHsLgAzWEgZu/dLi1CL9xJTczDwAj6GcLcAAAAA=[0madmin
Running as SYSTEM
Building in workspace /var/jenkins_home/workspace/Selenium Demo
[Selenium Demo] $ /var/jenkins_home/tools/hudson.tasks.Maven_MavenInstallation/mvn/bin/mvn -f pom.xml mvn -f pom.xml clean test -Dsuite=single.xml
POM file pom.xml specified with the -f/--file command line argument does not exist
[INFO] Scanning for projects...
[8mha:////4OPt4b/uzBDslYl4IFjxV6FUEPw+PkozYyZFCr4+p94LAAAAYB+LCAAAAAAAAP9b85aBtbiIQSmjNKU4P0+vJLE4u1gvPjexLDVPzxdEuhYV5Rf55Zek1m9pfpLfVWLNxMBQUcQgBdWQnJ9XnJ+TqucMoUEKGSCAEaSwAABqVhoSYAAAAA==[0m[ERROR] [ERROR] Some problems were encountered while processing the POMs:
[FATAL] Non-readable POM /var/jenkins_home/workspace/Selenium Demo/pom.xml: /var/jenkins_home/workspace/Selenium Demo/pom.xml (No such file or directory) @ 
 @ 
[8mha:////4OPt4b/uzBDslYl4IFjxV6FUEPw+PkozYyZFCr4+p94LAAAAYB+LCAAAAAAAAP9b85aBtbiIQSmjNKU4P0+vJLE4u1gvPjexLDVPzxdEuhYV5Rf55Zek1m9pfpLfVWLNxMBQUcQgBdWQnJ9XnJ+TqucMoUEKGSCAEaSwAABqVhoSYAAAAA==[0m[ERROR] The build could not read 1 project -> [Help 1]
[8mha:////4OPt4b/uzBDslYl4IFjxV6FUEPw+PkozYyZFCr4+p94LAAAAYB+LCAAAAAAAAP9b85aBtbiIQSmjNKU4P0+vJLE4u1gvPjexLDVPzxdEuhYV5Rf55Zek1m9pfpLfVWLNxMBQUcQgBdWQnJ9XnJ+TqucMoUEKGSCAEaSwAABqVhoSYAAAAA==[0m[ERROR]   
[8mha:////4OPt4b/uzBDslYl4IFjxV6FUEPw+PkozYyZFCr4+p94LAAAAYB+LCAAAAAAAAP9b85aBtbiIQSmjNKU4P0+vJLE4u1gvPjexLDVPzxdEuhYV5Rf55Zek1m9pfpLfVWLNxMBQUcQgBdWQnJ9XnJ+TqucMoUEKGSCAEaSwAABqVhoSYAAAAA==[0m[ERROR]   The project  (/var/jenkins_home/workspace/Selenium Demo/pom.xml) has 1 error
[8mha:////4OPt4b/uzBDslYl4IFjxV6FUEPw+PkozYyZFCr4+p94LAAAAYB+LCAAAAAAAAP9b85aBtbiIQSmjNKU4P0+vJLE4u1gvPjexLDVPzxdEuhYV5Rf55Zek1m9pfpLfVWLNxMBQUcQgBdWQnJ9XnJ+TqucMoUEKGSCAEaSwAABqVhoSYAAAAA==[0m[ERROR]     Non-readable POM /var/jenkins_home/workspace/Selenium Demo/pom.xml: /var/jenkins_home/workspace/Selenium Demo/pom.xml (No such file or directory)
[8mha:////4OPt4b/uzBDslYl4IFjxV6FUEPw+PkozYyZFCr4+p94LAAAAYB+LCAAAAAAAAP9b85aBtbiIQSmjNKU4P0+vJLE4u1gvPjexLDVPzxdEuhYV5Rf55Zek1m9pfpLfVWLNxMBQUcQgBdWQnJ9XnJ+TqucMoUEKGSCAEaSwAABqVhoSYAAAAA==[0m[ERROR] 
[8mha:////4OPt4b/uzBDslYl4IFjxV6FUEPw+PkozYyZFCr4+p94LAAAAYB+LCAAAAAAAAP9b85aBtbiIQSmjNKU4P0+vJLE4u1gvPjexLDVPzxdEuhYV5Rf55Zek1m9pfpLfVWLNxMBQUcQgBdWQnJ9XnJ+TqucMoUEKGSCAEaSwAABqVhoSYAAAAA==[0m[ERROR] To see the full stack trace of the errors, re-run Maven with the -e switch.
[8mha:////4OPt4b/uzBDslYl4IFjxV6FUEPw+PkozYyZFCr4+p94LAAAAYB+LCAAAAAAAAP9b85aBtbiIQSmjNKU4P0+vJLE4u1gvPjexLDVPzxdEuhYV5Rf55Zek1m9pfpLfVWLNxMBQUcQgBdWQnJ9XnJ+TqucMoUEKGSCAEaSwAABqVhoSYAAAAA==[0m[ERROR] Re-run Maven using the -X switch to enable full debug logging.
[8mha:////4OPt4b/uzBDslYl4IFjxV6FUEPw+PkozYyZFCr4+p94LAAAAYB+LCAAAAAAAAP9b85aBtbiIQSmjNKU4P0+vJLE4u1gvPjexLDVPzxdEuhYV5Rf55Zek1m9pfpLfVWLNxMBQUcQgBdWQnJ9XnJ+TqucMoUEKGSCAEaSwAABqVhoSYAAAAA==[0m[ERROR] 
[8mha:////4OPt4b/uzBDslYl4IFjxV6FUEPw+PkozYyZFCr4+p94LAAAAYB+LCAAAAAAAAP9b85aBtbiIQSmjNKU4P0+vJLE4u1gvPjexLDVPzxdEuhYV5Rf55Zek1m9pfpLfVWLNxMBQUcQgBdWQnJ9XnJ+TqucMoUEKGSCAEaSwAABqVhoSYAAAAA==[0m[ERROR] For more information about the errors and possible solutions, please read the following articles:
[8mha:////4OPt4b/uzBDslYl4IFjxV6FUEPw+PkozYyZFCr4+p94LAAAAYB+LCAAAAAAAAP9b85aBtbiIQSmjNKU4P0+vJLE4u1gvPjexLDVPzxdEuhYV5Rf55Zek1m9pfpLfVWLNxMBQUcQgBdWQnJ9XnJ+TqucMoUEKGSCAEaSwAABqVhoSYAAAAA==[0m[ERROR] [Help 1] http://cwiki.apache.org/confluence/display/MAVEN/ProjectBuildingException
Build step 'Invoke top-level Maven targets' marked build as failure
Finished: FAILURE
